k:\apps\csroot\spy\debug\spy.pch
k:\apps\csroot\spy\debug\vc120.pdb
k:\apps\csroot\spy\debug\stdafx.obj
k:\apps\csroot\spy\debug\spy.obj
k:\apps\csroot\spy\debug\assemblyinfo.obj
k:\apps\csroot\bin\spy.dll
k:\apps\csroot\bin\spy.pdb
k:\apps\csroot\spy\debug\app.res
k:\apps\csroot\bin\spy.lib
k:\apps\csroot\bin\spy.exp
k:\apps\csroot\spy\debug\spy.vcxprojresolveassemblyreference.cache
k:\apps\csroot\spy\..\bin\spy.dll
k:\apps\csroot\spy\debug\spy.tlog\cl.command.1.tlog
k:\apps\csroot\spy\debug\spy.tlog\cl.read.1.tlog
k:\apps\csroot\spy\debug\spy.tlog\cl.write.1.tlog
k:\apps\csroot\spy\debug\spy.tlog\link.command.1.tlog
k:\apps\csroot\spy\debug\spy.tlog\link.read.1.tlog
k:\apps\csroot\spy\debug\spy.tlog\link.write.1.tlog
k:\apps\csroot\spy\debug\spy.tlog\metagen.read.1.tlog
k:\apps\csroot\spy\debug\spy.tlog\metagen.write.1.tlog
k:\apps\csroot\spy\debug\spy.tlog\rc.command.1.tlog
k:\apps\csroot\spy\debug\spy.tlog\rc.read.1.tlog
k:\apps\csroot\spy\debug\spy.tlog\rc.write.1.tlog
k:\apps\csroot\spy\debug\spy.tlog\spy.write.1u.tlog
k:\apps\csroot\spy\debug\spy.tlog\rsaenh.dll.bi
k:\apps\csroot\spy\debug\spy.tlog\tzres.dll.bi
